<?xml version="1.0" encoding="UTF-8" ?>
<testsuite 
errors="0" failures="0" hostname="irst-7485" name="u07lab.SetSuite" tests="3" time="0.064" timestamp="2018-04-26T10:51:01">
  <properties>
    <property name="java.runtime.name" value="Java(TM) SE Runtime Environment">
    </property>
    <property 
    name="sun.boot.library.path" value="C:\Program Files\Java\jdk1.8.0_151\jre\bin">
</property>
    <property name="java.vm.version" value="25.151-b12"> </property>
    <property name="java.vm.vendor" value="Oracle Corporation"> </property>
    <property name="java.vendor.url" value="http://java.oracle.com/">
    </property>
    <property name="path.separator" value=";"> </property>
    <property name="java.vm.name" value="Java HotSpot(TM) 64-Bit Server VM">
    </property>
    <property name="file.encoding.pkg" value="sun.io"> </property>
    <property name="user.script" value=""> </property>
    <property name="user.country" value="IT"> </property>
    <property name="sun.java.launcher" value="SUN_STANDARD"> </property>
    <property name="sun.os.patch.level" value=""> </property>
    <property 
    name="java.vm.specification.name" value="Java Virtual Machine Specification">
</property>
    <property name="user.dir" value="C:\Universita\PPS\pps-ci-lab-1">
    </property>
    <property name="java.runtime.version" value="1.8.0_151-b12"> </property>
    <property 
    name="java.awt.graphicsenv" value="sun.awt.Win32GraphicsEnvironment">
</property>
    <property 
    name="java.endorsed.dirs" value="C:\Program Files\Java\jdk1.8.0_151\jre\lib\endorsed">
</property>
    <property name="os.arch" value="amd64"> </property>
    <property 
    name="java.io.tmpdir" value="C:\Users\NICOLA~1.GEN\AppData\Local\Temp\">
</property>
    <property name="line.separator" value=" "> </property>
    <property name="java.vm.specification.vendor" value="Oracle Corporation">
    </property>
    <property name="user.variant" value=""> </property>
    <property name="os.name" value="Windows 10"> </property>
    <property name="sun.jnu.encoding" value="Cp1252"> </property>
    <property 
    name="java.library.path" value="C:\Program Files\Java\jdk1.8.0_151\bin;C:\WINDOWS\Sun\Java\bin;C:\WINDOWS\system32;C:\WINDOWS;C:\Program Files\IBM\ILOG\CPLEX_Studio127\opl\bin\x64_win64;C:\Program Files\IBM\ILOG\CPLEX_Studio127\opl\oplide\;C:\Program Files\IBM\ILOG\CPLEX_Studio127\cplex\bin\x64_win64;C:\Program Files\IBM\ILOG\CPLEX_Studio127\cpoptimizer\bin\x64_win64;C:\Program Files (x86)\Intel\iCLS Client\;C:\Program Files\Intel\iCLS Client\;C:\Windows\system32;C:\Windows;C:\Windows\System32\Wbem;C:\Windows\System32\WindowsPowerShell\v1.0\;C:\Program Files (x86)\NVIDIA Corporation\PhysX\Common;C:\Program Files (x86)\Intel\Intel(R) Management Engine Components\DAL;C:\Program Files\Intel\Intel(R) Management Engine Components\DAL;C:\Program Files (x86)\Intel\Intel(R) Management Engine Components\IPT;C:\Program Files\Intel\Intel(R) Management Engine Components\IPT;C:\Program Files\Intel\WiFi\bin\;C:\Program Files\Common Files\Intel\WirelessCommon\;C:\Program Files (x86)\Agfa\IMPAX Client\;C:\Program Files (x86)\Microsoft SQL Server\Client SDK\ODBC\130\Tools\Binn\;c:\instantclient\;C:\Program Files (x86)\Skype\Phone\;C:\Program Files (x86)\Infocert\DiKe 6\RAO;C:\GAM\;C:\Program Files\OpenVPN\bin;C:\Program Files (x86)\Microsoft SQL Server\140\Tools\Binn\;C:\Program Files (x86)\Microsoft SQL Server\140\DTS\Binn\;C:\Program Files (x86)\Microsoft SQL Server\140\Tools\Binn\ManagementStudio\;C:\WINDOWS\system32;C:\WINDOWS;C:\WINDOWS\System32\Wbem;C:\WINDOWS\System32\WindowsPowerShell\v1.0\;C:\Users\nicola.gentili\.dnx\bin;C:\Program Files\Microsoft DNX\Dnvm\;C:\Program Files (x86)\Windows Kits\8.1\Windows Performance Toolkit\;C:\Program Files\Microsoft SQL Server\120\Tools\Binn\;C:\Program Files\Microsoft SQL Server\130\Tools\Binn\;C:\Program Files (x86)\Microsoft Emulator Manager\1.0\;C:\Program Files\Git\cmd;C:\Program Files\Java\jdk1.8.0_151\bin\;C:\Program Files\Java\jdk1.8.0_151\lib\;C:\Program Files (x86)\Sennheiser\SoftphoneSDK\;C:\Program Files (x86)\sbt\bin;C:\Program Files (x86)\scala\bin;C:\Program Files (x86)\Windows Live\Shared;C:\Program Files (x86)\nodejs\;C:\gradle\bin;C:\Users\nicola.gentili\AppData\Local\Programs\Python\Python36\Scripts\;C:\Users\nicola.gentili\AppData\Local\Programs\Python\Python36\;C:\Users\nicola.gentili\AppData\Local\Microsoft\WindowsApps;C:\Users\nicola.gentili\AppData\Roaming\npm;.">
</property>
    <property 
    name="java.specification.name" value="Java Platform API Specification">
</property>
    <property name="java.class.version" value="52.0"> </property>
    <property 
    name="sun.management.compiler" value="HotSpot 64-Bit Tiered Compilers">
</property>
    <property name="os.version" value="10.0"> </property>
    <property name="user.home" value="C:\Users\nicola.gentili"> </property>
    <property name="user.timezone" value=""> </property>
    <property name="java.awt.printerjob" value="sun.awt.windows.WPrinterJob">
    </property>
    <property name="file.encoding" value="windows-1252"> </property>
    <property name="java.specification.version" value="1.8"> </property>
    <property name="user.name" value="nicola.gentili"> </property>
    <property 
    name="java.class.path" value="C:\Universita\PPS\pps-ci-lab-1\build\classes\java\test;C:\Universita\PPS\pps-ci-lab-1\build\classes\scala\test;C:\Universita\PPS\pps-ci-lab-1\build\resources\test;C:\Universita\PPS\pps-ci-lab-1\build\classes\java\main;C:\Universita\PPS\pps-ci-lab-1\build\classes\scala\main;C:\Universita\PPS\pps-ci-lab-1\build\resources\main;C:\Users\nicola.gentili\.gradle\caches\modules-2\files-2.1\org.scalamock\scalamock-scalatest-support_2.12\3.5.0\100d980b3ddf578047a3154232e522c1b7be6438\scalamock-scalatest-support_2.12-3.5.0.jar;C:\Users\nicola.gentili\.gradle\caches\modules-2\files-2.1\org.scalatest\scalatest_2.12\3.0.1\3a9dcb5a4308c4fd0f7424b5676f6fbf21c85131\scalatest_2.12-3.0.1.jar;C:\Users\nicola.gentili\.gradle\caches\modules-2\files-2.1\org.scalactic\scalactic_2.12\3.0.1\1d893666e3561505729e33a3ee124e22fbfed774\scalactic_2.12-3.0.1.jar;C:\Users\nicola.gentili\.gradle\caches\modules-2\files-2.1\org.scala-lang.modules\scala-xml_2.12\1.0.5\a2b2afbeea86818a911b05851bb11d7d4840bb75\scala-xml_2.12-1.0.5.jar;C:\Users\nicola.gentili\.gradle\caches\modules-2\files-2.1\org.scala-lang.modules\scala-parser-combinators_2.12\1.0.4\7c5f25a2d40ea7651452f0f0d1d4c12dabffcb8b\scala-parser-combinators_2.12-1.0.4.jar;C:\Users\nicola.gentili\.gradle\caches\modules-2\files-2.1\org.scalamock\scalamock-core_2.12\3.5.0\6e8018e464d8319e9cf179b1e1aa2ede10c91e13\scalamock-core_2.12-3.5.0.jar;C:\Users\nicola.gentili\.gradle\caches\modules-2\files-2.1\org.scala-lang\scala-reflect\2.12.1\f6ae9e1c0204a3e92893d9a2188b276278f2074e\scala-reflect-2.12.1.jar;C:\Users\nicola.gentili\.gradle\caches\modules-2\files-2.1\org.scala-lang\scala-library\2.12.2\fe9780170207ebdabd4ac5bb335c82bd0aead480\scala-library-2.12.2.jar;C:\Users\nicola.gentili\.gradle\caches\modules-2\files-2.1\org.pegdown\pegdown\1.4.2\d96db502ed832df867ff5d918f05b51ba3879ea7\pegdown-1.4.2.jar;C:\Users\nicola.gentili\.gradle\caches\modules-2\files-2.1\org.parboiled\parboiled-java\1.1.6\cb2ffa720f75b2fce8cfd1875599319e75ea9557\parboiled-java-1.1.6.jar;C:\Users\nicola.gentili\.gradle\caches\modules-2\files-2.1\org.parboiled\parboiled-core\1.1.6\11bd0c34fc6ac3c3cbf440ab8180cc6422c044e9\parboiled-core-1.1.6.jar;C:\Users\nicola.gentili\.gradle\caches\modules-2\files-2.1\org.ow2.asm\asm-analysis\4.1\73401033069e4714f57b60aeae02f97210aaa64e\asm-analysis-4.1.jar;C:\Users\nicola.gentili\.gradle\caches\modules-2\files-2.1\org.ow2.asm\asm-util\4.1\6344065cb0f94e2b930a95e6656e040ebc11df08\asm-util-4.1.jar;C:\Users\nicola.gentili\.gradle\caches\modules-2\files-2.1\org.ow2.asm\asm-tree\4.1\51085abcc4cb6c6e1cb5551e6f999eb8e31c5b2d\asm-tree-4.1.jar;C:\Users\nicola.gentili\.gradle\caches\modules-2\files-2.1\org.ow2.asm\asm\4.1\ad568238ee36a820bd6c6806807e8a14ea34684d\asm-4.1.jar">
</property>
    <property name="java.vm.specification.version" value="1.8"> </property>
    <property name="sun.arch.data.model" value="64"> </property>
    <property name="java.home" value="C:\Program Files\Java\jdk1.8.0_151\jre">
    </property>
    <property 
    name="sun.java.command" value="org.scalatest.tools.Runner -oDS -PS8 -R C:\Universita\PPS\pps-ci-lab-1\build\classes\java\test -R C:\Universita\PPS\pps-ci-lab-1\build\classes\scala\test -u C:\Universita\PPS\pps-ci-lab-1\build\test-results\test -h C:\Universita\PPS\pps-ci-lab-1\build\reports\tests\test">
</property>
    <property name="java.specification.vendor" value="Oracle Corporation">
    </property>
    <property name="user.language" value="it"> </property>
    <property name="awt.toolkit" value="sun.awt.windows.WToolkit"> </property>
    <property name="java.vm.info" value="mixed mode"> </property>
    <property name="java.version" value="1.8.0_151"> </property>
    <property 
    name="java.ext.dirs" value="C:\Program Files\Java\jdk1.8.0_151\jre\lib\ext;C:\WINDOWS\Sun\Java\lib\ext">
</property>
    <property 
    name="sun.boot.class.path" value="C:\Program Files\Java\jdk1.8.0_151\jre\lib\resources.jar;C:\Program Files\Java\jdk1.8.0_151\jre\lib\rt.jar;C:\Program Files\Java\jdk1.8.0_151\jre\lib\sunrsasign.jar;C:\Program Files\Java\jdk1.8.0_151\jre\lib\jsse.jar;C:\Program Files\Java\jdk1.8.0_151\jre\lib\jce.jar;C:\Program Files\Java\jdk1.8.0_151\jre\lib\charsets.jar;C:\Program Files\Java\jdk1.8.0_151\jre\lib\jfr.jar;C:\Program Files\Java\jdk1.8.0_151\jre\classes">
</property>
    <property name="java.vendor" value="Oracle Corporation"> </property>
    <property name="file.separator" value="\"> </property>
    <property 
    name="java.vendor.url.bug" value="http://bugreport.sun.com/bugreport/">
</property>
    <property name="sun.cpu.endian" value="little"> </property>
    <property name="sun.io.unicode.encoding" value="UnicodeLittle"> </property>
    <property name="sun.desktop" value="windows"> </property>
    <property name="sun.cpu.isalist" value="amd64"> </property>
  </properties>
  <testcase 
  name="An empty cart should have size 0" classname="u07lab.SetSuite" time="0.027">
</testcase>
  <testcase 
  name="An empty cart should have totalCost 0" classname="u07lab.SetSuite" time="0.001">
</testcase>
  <testcase 
  name="Adding two products to a cart size should be 2" classname="u07lab.SetSuite" time="0.006">
</testcase>
  <system-out><![CDATA[]]></system-out>
  <system-err><![CDATA[]]></system-err>
</testsuite>
